<?xml version="1.0" encoding="UTF-8"?>
<!-- Generated by org.testng.reporters.JUnitReportReporter -->
<testsuite hostname="Srividya_Dasari" failures="0" tests="1" name="testCases.Tc_002_logintest" time="2.911" errors="0" timestamp="2024-03-02T12:54:29 IST" skipped="0">
  <testcase classname="testCases.Tc_002_logintest" name="logintest" time="2.911"/>
  <system-out/>
</testsuite> <!-- testCases.Tc_002_logintest -->
