<?xml version="1.0" encoding="UTF-8"?>
<!-- Generated by org.testng.reporters.JUnitReportReporter -->
<testsuite hostname="Srividya_Dasari" failures="0" tests="1" name="testCases.Tc_002_logintest" time="2.717" errors="0" timestamp="2024-03-04T10:40:14 IST" skipped="0">
  <testcase classname="testCases.Tc_002_logintest" name="logintest" time="2.717"/>
</testsuite> <!-- testCases.Tc_002_logintest -->
